[2026-07-07T06:06:01.966Z] [error] requestStorageAccess: Permission denied.
[2026-07-07T06:06:26.505Z] [warning] Allow attribute will take precedence over 'allowfullscreen'.
[2026-07-07T06:06:26.938Z] [error] Failed to load resource: the server responded with a status of 404 ()
[2026-07-07T06:06:27.233Z] [log] Pano2VR player 7.1.10/21009, CSS 3D available, WebGL available
[2026-07-07T06:06:27.234Z] [log] Three.js not available!
[2026-07-07T06:06:27.237Z] [error] Failed to load resource: the server responded with a status of 404 ()
[2026-07-07T06:06:27.309Z] [warning] [GroupMarkerNotSet(crbug.com/242999)!:A01028002C010000]Automatic fallback to software WebGL has been deprecated. Please use the --enable-unsafe-swiftshader (about:flags#enable-unsafe-swiftshader) flag to opt in to lower security guarantees for trusted content.
[2026-07-07T06:06:27.309Z] [warning] [.WebGL-0x10c00ad9c00]GL Driver Message (OpenGL, Performance, GL_CLOSE_PATH_NV, High): GPU stall due to ReadPixels
[2026-07-07T06:06:27.325Z] [log] Pano2VR player 7.1.10/21009, CSS 3D available, WebGL available
[2026-07-07T06:06:27.326Z] [log] Three.js not available!
[2026-07-07T06:06:27.341Z] [log] Pano2VR player 7.1.10/21009, CSS 3D available, WebGL available
[2026-07-07T06:06:27.342Z] [log] Three.js not available!
[2026-07-07T06:06:27.470Z] [log] Pano2VR player 7.1.10/21009, CSS 3D available, WebGL available
[2026-07-07T06:06:27.471Z] [log] Three.js not available!
[2026-07-07T06:06:27.489Z] [log] Pano2VR player 7.1.10/21009, CSS 3D available, WebGL available
[2026-07-07T06:06:27.491Z] [log] Three.js not available!
[2026-07-07T06:06:27.508Z] [warning] [GroupMarkerNotSet(crbug.com/242999)!:A0B027002C010000]Automatic fallback to software WebGL has been deprecated. Please use the --enable-unsafe-swiftshader (about:flags#enable-unsafe-swiftshader) flag to opt in to lower security guarantees for trusted content.
[2026-07-07T06:06:27.508Z] [warning] [.WebGL-0x10c06064800]GL Driver Message (OpenGL, Performance, GL_CLOSE_PATH_NV, High): GPU stall due to ReadPixels
[2026-07-07T06:06:27.508Z] [warning] [GroupMarkerNotSet(crbug.com/242999)!:A0E027002C010000]Automatic fallback to software WebGL has been deprecated. Please use the --enable-unsafe-swiftshader (about:flags#enable-unsafe-swiftshader) flag to opt in to lower security guarantees for trusted content.
[2026-07-07T06:06:27.508Z] [warning] [.WebGL-0x10c06064e00]GL Driver Message (OpenGL, Performance, GL_CLOSE_PATH_NV, High): GPU stall due to ReadPixels
[2026-07-07T06:06:27.538Z] [warning] [GroupMarkerNotSet(crbug.com/242999)!:A0204B072C010000]Automatic fallback to software WebGL has been deprecated. Please use the --enable-unsafe-swiftshader (about:flags#enable-unsafe-swiftshader) flag to opt in to lower security guarantees for trusted content.
[2026-07-07T06:06:27.538Z] [warning] [.WebGL-0x10c06063c00]GL Driver Message (OpenGL, Performance, GL_CLOSE_PATH_NV, High): GPU stall due to ReadPixels (this message will no longer repeat)
[2026-07-07T06:06:27.584Z] [log] Pano2VR player 7.1.10/21009, CSS 3D available, WebGL available
[2026-07-07T06:06:27.585Z] [log] Three.js not available!
[2026-07-07T06:06:27.615Z] [log] Pano2VR player 7.1.10/21009, CSS 3D available, WebGL available
[2026-07-07T06:06:27.616Z] [log] Three.js not available!
[2026-07-07T06:06:27.639Z] [warning] [GroupMarkerNotSet(crbug.com/242999)!:A0504B072C010000]Automatic fallback to software WebGL has been deprecated. Please use the --enable-unsafe-swiftshader (about:flags#enable-unsafe-swiftshader) flag to opt in to lower security guarantees for trusted content.
[2026-07-07T06:06:27.640Z] [warning] [GroupMarkerNotSet(crbug.com/242999)!:A0C04A072C010000]Automatic fallback to software WebGL has been deprecated. Please use the --enable-unsafe-swiftshader (about:flags#enable-unsafe-swiftshader) flag to opt in to lower security guarantees for trusted content.
[2026-07-07T06:06:27.708Z] [warning] [GroupMarkerNotSet(crbug.com/242999)!:A0F04A072C010000]Automatic fallback to software WebGL has been deprecated. Please use the --enable-unsafe-swiftshader (about:flags#enable-unsafe-swiftshader) flag to opt in to lower security guarantees for trusted content.
[2026-07-07T06:06:27.710Z] [warning] [GroupMarkerNotSet(crbug.com/242999)!:A000C50C2C010000]Automatic fallback to software WebGL has been deprecated. Please use the --enable-unsafe-swiftshader (about:flags#enable-unsafe-swiftshader) flag to opt in to lower security guarantees for trusted content.
[2026-07-07T06:06:27.710Z] [warning] [GroupMarkerNotSet(crbug.com/242999)!:A030C50C2C010000]Automatic fallback to software WebGL has been deprecated. Please use the --enable-unsafe-swiftshader (about:flags#enable-unsafe-swiftshader) flag to opt in to lower security guarantees for trusted content.
[2026-07-07T06:06:27.806Z] [warning] [GroupMarkerNotSet(crbug.com/242999)!:A090C50C2C010000]Automatic fallback to software WebGL has been deprecated. Please use the --enable-unsafe-swiftshader (about:flags#enable-unsafe-swiftshader) flag to opt in to lower security guarantees for trusted content.
[2026-07-07T06:06:27.806Z] [warning] [GroupMarkerNotSet(crbug.com/242999)!:A020E60E2C010000]Automatic fallback to software WebGL has been deprecated. Please use the --enable-unsafe-swiftshader (about:flags#enable-unsafe-swiftshader) flag to opt in to lower security guarantees for trusted content.
[2026-07-07T06:06:27.807Z] [warning] [GroupMarkerNotSet(crbug.com/242999)!:A0F0E50E2C010000]Automatic fallback to software WebGL has been deprecated. Please use the --enable-unsafe-swiftshader (about:flags#enable-unsafe-swiftshader) flag to opt in to lower security guarantees for trusted content.
[2026-07-07T06:06:27.824Z] [warning] [GroupMarkerNotSet(crbug.com/242999)!:A0C0E50E2C010000]Automatic fallback to software WebGL has been deprecated. Please use the --enable-unsafe-swiftshader (about:flags#enable-unsafe-swiftshader) flag to opt in to lower security guarantees for trusted content.
[2026-07-07T06:06:28.134Z] [warning] Failed to decode downloaded font: https://vmwgrp.synology.me/CDL_FujiXerox/export/3br-cps1/fonts/Brother-1816-Medium.ttf
[2026-07-07T06:06:28.134Z] [warning] OTS parsing error: invalid sfntVersion: -2555935
[2026-07-07T06:06:28.469Z] [warning] Failed to decode downloaded font: https://vmwgrp.synology.me/CDL_FujiXerox/export/3br-cp1/fonts/Brother-1816-Medium.ttf
[2026-07-07T06:06:28.470Z] [warning] OTS parsing error: invalid sfntVersion: -2555935
[2026-07-07T06:06:28.791Z] [warning] Failed to decode downloaded font: https://vmwgrp.synology.me/CDL_FujiXerox/export/aerial_dev/fonts/Brother-1816-Medium.ttf
[2026-07-07T06:06:28.791Z] [warning] OTS parsing error: invalid sfntVersion: -2555935
[2026-07-07T06:06:29.128Z] [warning] Failed to decode downloaded font: https://vmwgrp.synology.me/CDL_FujiXerox/export/aerial/fonts/Brother-1816-Medium.ttf
[2026-07-07T06:06:29.128Z] [warning] OTS parsing error: invalid sfntVersion: -2555935
[2026-07-07T06:06:29.444Z] [warning] Failed to decode downloaded font: https://vmwgrp.synology.me/CDL_FujiXerox/export/3br-cps1/fonts/Brother-1816-Medium.woff
[2026-07-07T06:06:29.445Z] [warning] OTS parsing error: invalid sfntVersion: -2555935
[2026-07-07T06:06:29.767Z] [warning] Failed to decode downloaded font: https://vmwgrp.synology.me/CDL_FujiXerox/export/3br-cp1/fonts/Brother-1816-Medium.woff
[2026-07-07T06:06:29.768Z] [warning] OTS parsing error: invalid sfntVersion: -2555935
[2026-07-07T06:06:30.068Z] [warning] Failed to decode downloaded font: https://vmwgrp.synology.me/CDL_FujiXerox/export/aerial_dev/fonts/Brother-1816-Medium.woff
[2026-07-07T06:06:30.068Z] [warning] OTS parsing error: invalid sfntVersion: -2555935
[2026-07-07T06:06:30.387Z] [warning] Failed to decode downloaded font: https://vmwgrp.synology.me/CDL_FujiXerox/export/aerial/fonts/Brother-1816-Medium.woff
[2026-07-07T06:06:30.387Z] [warning] OTS parsing error: invalid sfntVersion: -2555935
[2026-07-07T06:06:30.705Z] [warning] Failed to decode downloaded font: https://vmwgrp.synology.me/CDL_FujiXerox/export/3br-cps1/fonts/Brother-1816-Medium.woff2
[2026-07-07T06:06:30.705Z] [warning] OTS parsing error: invalid sfntVersion: -2555935
[2026-07-07T06:06:31.019Z] [warning] Failed to decode downloaded font: https://vmwgrp.synology.me/CDL_FujiXerox/export/3br-cp1/fonts/Brother-1816-Medium.woff2
[2026-07-07T06:06:31.020Z] [warning] OTS parsing error: invalid sfntVersion: -2555935
[2026-07-07T06:06:31.326Z] [warning] Failed to decode downloaded font: https://vmwgrp.synology.me/CDL_FujiXerox/export/aerial_dev/fonts/Brother-1816-Medium.woff2
[2026-07-07T06:06:31.326Z] [warning] OTS parsing error: invalid sfntVersion: -2555935
[2026-07-07T06:06:31.616Z] [warning] Failed to decode downloaded font: https://vmwgrp.synology.me/CDL_FujiXerox/export/aerial/fonts/Brother-1816-Medium.woff2
[2026-07-07T06:06:31.616Z] [warning] OTS parsing error: invalid sfntVersion: -2555935
[2026-07-07T06:06:47.347Z] [error] Failed to load resource: the server responded with a status of 404 ()
